gradleBuild/outputs/logs/manifest-merger-debug-report.txt
-- Merging decision tree log ---
manifest
ADDED from tensorflow-for-poets-2/android/AndroidManifest.xml:16:1-53:12
	package
		ADDED from tensorflow-for-poets-2/android/AndroidManifest.xml:17:5-34
	xmlns:android
		ADDED from tensorflow-for-poets-2/android/AndroidManifest.xml:16:11-69
uses-sdk
ADDED from tensorflow-for-poets-2/android/AndroidManifest.xml:19:5-21:41
MERGED from [com.android.support.constraint:constraint-layout:1.0.2] AndroidManifest.xml:5:5-7:41
	android:targetSdkVersion
		ADDED from tensorflow-for-poets-2/android/AndroidManifest.xml:21:9-38
	android:minSdkVersion
		ADDED from tensorflow-for-poets-2/android/AndroidManifest.xml:20:9-35
uses-permission#android.permission.CAMERA
ADDED from tensorflow-for-poets-2/android/AndroidManifest.xml:23:5-65
	android:name
		ADDED from tensorflow-for-poets-2/android/AndroidManifest.xml:23:22-62
uses-feature#android.hardware.camera
ADDED from tensorflow-for-poets-2/android/AndroidManifest.xml:25:5-60
	android:name
		ADDED from tensorflow-for-poets-2/android/AndroidManifest.xml:25:19-57
uses-feature#android.hardware.camera.autofocus
ADDED from tensorflow-for-poets-2/android/AndroidManifest.xml:26:5-70
	android:name
		ADDED from tensorflow-for-poets-2/android/AndroidManifest.xml:26:19-67
uses-permission#android.permission.WRITE_EXTERNAL_STORAGE
ADDED from tensorflow-for-poets-2/android/AndroidManifest.xml:28:5-81
	android:name
		ADDED from tensorflow-for-poets-2/android/AndroidManifest.xml:28:22-78
uses-permission#android.permission.READ_PHONE_STATE
ADDED from tensorflow-for-poets-2/android/AndroidManifest.xml:29:5-75
	android:name
		ADDED from tensorflow-for-poets-2/android/AndroidManifest.xml:29:22-72
uses-permission#android.permission.READ_EXTERNAL_STORAGE
ADDED from tensorflow-for-poets-2/android/AndroidManifest.xml:30:5-80
	android:name
		ADDED from tensorflow-for-poets-2/android/AndroidManifest.xml:30:22-77
application
ADDED from tensorflow-for-poets-2/android/AndroidManifest.xml:32:5-51:19
MERGED from [org.tensorflow:tensorflow-android:1.2.0-preview] AndroidManifest.xml:5:5-6:19
MERGED from [com.android.support.constraint:constraint-layout:1.0.2] AndroidManifest.xml:9:5-20
	android:label
		ADDED from tensorflow-for-poets-2/android/AndroidManifest.xml:36:9-41
	android:debuggable
		ADDED from tensorflow-for-poets-2/android/AndroidManifest.xml:34:9-34
	android:allowBackup
		ADDED from tensorflow-for-poets-2/android/AndroidManifest.xml:33:9-35
	android:icon
		ADDED from tensorflow-for-poets-2/android/AndroidManifest.xml:35:9-45
	android:theme
		ADDED from tensorflow-for-poets-2/android/AndroidManifest.xml:37:9-45
activity#org.tensorflow.demo.ClassifierActivity
ADDED from tensorflow-for-poets-2/android/AndroidManifest.xml:38:9-43:20
	android:screenOrientation
		ADDED from tensorflow-for-poets-2/android/AndroidManifest.xml:41:13-49
	android:label
		ADDED from tensorflow-for-poets-2/android/AndroidManifest.xml:40:13-65
	android:name
		ADDED from tensorflow-for-poets-2/android/AndroidManifest.xml:39:13-47
activity#org.tensorflow.demo.LauncherActivity
ADDED from tensorflow-for-poets-2/android/AndroidManifest.xml:44:9-50:20
	android:name
		ADDED from tensorflow-for-poets-2/android/AndroidManifest.xml:44:19-51
intent-filter#android.intent.action.MAIN+android.intent.category.LAUNCHER
ADDED from tensorflow-for-poets-2/android/AndroidManifest.xml:45:13-49:29
action#android.intent.action.MAIN
ADDED from tensorflow-for-poets-2/android/AndroidManifest.xml:46:17-69
	android:name
		ADDED from tensorflow-for-poets-2/android/AndroidManifest.xml:46:25-66
category#android.intent.category.LAUNCHER
ADDED from tensorflow-for-poets-2/android/AndroidManifest.xml:48:17-77
	android:name
		ADDED from tensorflow-for-poets-2/android/AndroidManifest.xml:48:27-74